<?xml version="1.0" encoding="UTF-8"?>
<!-- Generated by org.testng.reporters.JUnitReportReporter -->
<testsuite skipped="0" hostname="mahen-PC" name="com.tabledate.Scroll" tests="1" failures="0" timestamp="09 Jun 2017 09:10:54 GMT" time="8.936" errors="0">
  <testcase name="scrollTest" time="8.936" classname="com.tabledate.Scroll"/>
</testsuite> <!-- com.tabledate.Scroll -->
