<?xml version="1.0" encoding="UTF-8"?>
<!-- Generated by org.testng.reporters.JUnitReportReporter -->
<testsuite skipped="0" hostname="mahen-PC" name="com.testng.ListenerTwo" tests="1" failures="0" timestamp="16 Jun 2017 09:02:19 GMT" time="0.027" errors="0">
  <testcase name="test1" time="0.027" classname="com.testng.ListenerTwo"/>
</testsuite> <!-- com.testng.ListenerTwo -->
