<?xml version="1.0" encoding="UTF-8"?>
<!-- Generated by org.testng.reporters.JUnitReportReporter -->
<testsuite skipped="0" hostname="mahen-PC" name="com.pratice.AssertDemo" tests="1" failures="0" timestamp="21 Jun 2017 03:01:53 GMT" time="14.724" errors="0">
  <testcase name="asserd" time="14.724" classname="com.pratice.AssertDemo"/>
</testsuite> <!-- com.pratice.AssertDemo -->
