<?xml version="1.0" encoding="UTF-8"?>
<!-- Generated by org.testng.reporters.JUnitReportReporter -->
<testsuite skipped="0" hostname="mahen-PC" name="com.tabledate.TestNGDemo" tests="3" failures="0" timestamp="09 Jun 2017 14:10:58 GMT" time="0.020" errors="0">
  <testcase name="test2" time="0.002" classname="com.tabledate.TestNGDemo"/>
  <testcase name="test1" time="0.002" classname="com.tabledate.TestNGDemo"/>
  <testcase name="test" time="0.016" classname="com.tabledate.TestNGDemo"/>
</testsuite> <!-- com.tabledate.TestNGDemo -->
