<?xml version="1.0" encoding="UTF-8"?>
<!-- Generated by org.testng.reporters.JUnitReportReporter -->
<testsuite skipped="0" hostname="mahen-PC" name="com.autorunfailedtc.Test1" tests="1" failures="0" timestamp="20 Jun 2017 04:25:48 GMT" time="0.030" errors="0">
  <testcase name="test1" time="0.030" classname="com.autorunfailedtc.Test1"/>
</testsuite> <!-- com.autorunfailedtc.Test1 -->
