<?xml version="1.0" encoding="UTF-8"?>
<!-- Generated by org.testng.reporters.JUnitReportReporter -->
<testsuite skipped="0" hostname="mahen-PC" name="com.pratice.RobotDemo" tests="1" failures="0" timestamp="21 Jun 2017 15:53:41 GMT" time="20.515" errors="0">
  <testcase name="robot" time="20.515" classname="com.pratice.RobotDemo"/>
</testsuite> <!-- com.pratice.RobotDemo -->
