<?xml version="1.0" encoding="UTF-8"?>
<!-- Generated by org.testng.reporters.JUnitReportReporter -->
<testsuite skipped="0" hostname="mahen-PC" name="com.testng.ListenerOne" tests="1" failures="0" timestamp="16 Jun 2017 09:02:19 GMT" time="0.002" errors="0">
  <testcase name="test2" time="0.002" classname="com.testng.ListenerOne"/>
</testsuite> <!-- com.testng.ListenerOne -->
