<?xml version="1.0" encoding="UTF-8"?>
<!-- Generated by org.testng.reporters.JUnitReportReporter -->
<testsuite skipped="0" hostname="mahen-PC" name="com.robot.MonsterFileUpload" tests="1" failures="0" timestamp="22 Jun 2017 05:01:27 GMT" time="18.237" errors="0">
  <testcase name="login" time="18.237" classname="com.robot.MonsterFileUpload"/>
</testsuite> <!-- com.robot.MonsterFileUpload -->
