<?xml version="1.0" encoding="UTF-8"?>
<!-- Generated by org.testng.reporters.JUnitReportReporter -->
<testsuite skipped="0" hostname="mahen-PC" name="com.testng.Test1" tests="4" failures="0" timestamp="16 Jun 2017 09:18:08 GMT" time="0.034" errors="0">
  <testcase name="test3" time="0.025" classname="com.testng.Test1"/>
  <testcase name="test4" time="0.002" classname="com.testng.Test1"/>
  <testcase name="test11" time="0.002" classname="com.testng.Test1"/>
  <testcase name="test1" time="0.005" classname="com.testng.Test1"/>
</testsuite> <!-- com.testng.Test1 -->
