<?xml version="1.0" encoding="UTF-8"?>
<!-- Generated by org.testng.reporters.JUnitReportReporter -->
<testsuite skipped="0" hostname="mahen-PC" name="com.Script.Log4jInvalidLogin2" tests="2" failures="0" timestamp="15 Jun 2017 15:58:14 GMT" time="69.300" errors="0">
  <testcase name="validLogin" time="36.134" classname="com.Script.Log4jInvalidLogin2"/>
  <testcase name="invalidLogin" time="33.166" classname="com.Script.Log4jInvalidLogin2"/>
</testsuite> <!-- com.Script.Log4jInvalidLogin2 -->
