<?xml version="1.0" encoding="UTF-8"?>
<!-- Generated by org.testng.reporters.JUnitReportReporter -->
<testsuite skipped="0" hostname="mahen-PC" name="com.tabledate.DemoTour" tests="1" failures="0" timestamp="15 Jun 2017 04:50:42 GMT" time="19.638" errors="0">
  <testcase name="Login" time="19.638" classname="com.tabledate.DemoTour"/>
</testsuite> <!-- com.tabledate.DemoTour -->
