<?xml version="1.0" encoding="UTF-8"?>
<!-- Generated by org.testng.reporters.JUnitReportReporter -->
<testsuite skipped="0" hostname="mahen-PC" name="com.testng.Test2" tests="1" failures="0" timestamp="16 Jun 2017 09:13:08 GMT" time="0.030" errors="0">
  <testcase name="test3" time="0.030" classname="com.testng.Test2"/>
</testsuite> <!-- com.testng.Test2 -->
