<?xml version="1.0" encoding="UTF-8"?>
<!-- Generated by org.testng.reporters.JUnitReportReporter -->
<testsuite skipped="0" hostname="mahen-PC" name="com.Script.InvalidLogin" tests="2" failures="0" timestamp="14 Jun 2017 18:10:37 GMT" time="39.687" errors="0">
  <testcase name="validLogin" time="19.087" classname="com.Script.InvalidLogin"/>
  <testcase name="invalidLogin" time="20.600" classname="com.Script.InvalidLogin"/>
</testsuite> <!-- com.Script.InvalidLogin -->
