<?xml version="1.0" encoding="UTF-8"?>
<!-- Generated by org.testng.reporters.JUnitReportReporter -->
<testsuite skipped="0" hostname="mahen-PC" name="com.tabledate.TestNGDataProvider" tests="2" failures="0" timestamp="13 Jun 2017 14:38:10 GMT" time="39.783" errors="0">
  <testcase name="login" time="31.387" classname="com.tabledate.TestNGDataProvider"/>
  <testcase name="login" time="8.396" classname="com.tabledate.TestNGDataProvider"/>
</testsuite> <!-- com.tabledate.TestNGDataProvider -->
