<?xml version="1.0" encoding="UTF-8"?>
<!-- Generated by org.testng.reporters.JUnitReportReporter -->
<testsuite skipped="0" hostname="mahen-PC" name="com.tabledate.TakesScreenShot" tests="1" failures="0" timestamp="09 Jun 2017 06:34:07 GMT" time="9.814" errors="0">
  <testcase name="screenShot" time="9.814" classname="com.tabledate.TakesScreenShot"/>
</testsuite> <!-- com.tabledate.TakesScreenShot -->
