<?xml version="1.0" encoding="UTF-8"?>
<!-- Generated by org.testng.reporters.JUnitReportReporter -->
<testsuite skipped="0" hostname="mahen-PC" name="com.robot.RobotUploadFile" tests="1" failures="0" timestamp="21 Jun 2017 18:09:29 GMT" time="7.386" errors="0">
  <testcase name="robot" time="7.386" classname="com.robot.RobotUploadFile"/>
</testsuite> <!-- com.robot.RobotUploadFile -->
