<?xml version="1.0" encoding="UTF-8"?>
<!-- Generated by org.testng.reporters.JUnitReportReporter -->
<testsuite skipped="0" hostname="mahen-PC" name="com.tabledate.ScrollPage" tests="1" failures="0" timestamp="09 Jun 2017 11:19:15 GMT" time="10.116" errors="0">
  <testcase name="scroll" time="10.116" classname="com.tabledate.ScrollPage"/>
</testsuite> <!-- com.tabledate.ScrollPage -->
