<?xml version="1.0" encoding="UTF-8"?>
<!-- Generated by org.testng.reporters.JUnitReportReporter -->
<testsuite skipped="0" hostname="mahen-PC" name="com.pratice.WindowSwitch" tests="1" failures="0" timestamp="20 Jun 2017 12:37:40 GMT" time="12.750" errors="0">
  <testcase name="switchwin" time="12.750" classname="com.pratice.WindowSwitch"/>
</testsuite> <!-- com.pratice.WindowSwitch -->
