<?xml version="1.0" encoding="UTF-8"?>
<!-- Generated by org.testng.reporters.JUnitReportReporter -->
<testsuite skipped="0" hostname="mahen-PC" name="com.javascript.Facebook" tests="1" failures="0" timestamp="22 Jun 2017 10:20:41 GMT" time="12.553" errors="0">
  <testcase name="login" time="12.553" classname="com.javascript.Facebook"/>
</testsuite> <!-- com.javascript.Facebook -->
