<?xml version="1.0" encoding="UTF-8"?>
<!-- Generated by org.testng.reporters.JUnitReportReporter -->
<testsuite skipped="0" hostname="mahen-PC" name="com.tabledate.TripAdvisor2" tests="1" failures="0" timestamp="02 Jun 2017 04:45:02 GMT" time="24.039" errors="0">
  <testcase name="selectDate" time="24.039" classname="com.tabledate.TripAdvisor2"/>
</testsuite> <!-- com.tabledate.TripAdvisor2 -->
