<?xml version="1.0" encoding="UTF-8"?>
<!-- Generated by org.testng.reporters.JUnitReportReporter -->
<testsuite skipped="0" hostname="mahen-PC" name="com.testng.MulitpleDataProviderDemo" tests="6" failures="0" timestamp="16 Jun 2017 09:44:28 GMT" time="0.029" errors="0">
  <testcase name="test2" time="0.004" classname="com.testng.MulitpleDataProviderDemo"/>
  <testcase name="test2" time="0.002" classname="com.testng.MulitpleDataProviderDemo"/>
  <testcase name="test1" time="0.003" classname="com.testng.MulitpleDataProviderDemo"/>
  <testcase name="test1" time="0.017" classname="com.testng.MulitpleDataProviderDemo"/>
  <testcase name="test2" time="0.001" classname="com.testng.MulitpleDataProviderDemo"/>
  <testcase name="test1" time="0.002" classname="com.testng.MulitpleDataProviderDemo"/>
</testsuite> <!-- com.testng.MulitpleDataProviderDemo -->
