<?xml version="1.0" encoding="UTF-8"?>
<!-- Generated by org.testng.reporters.JUnitReportReporter -->
<testsuite skipped="0" hostname="mahen-PC" name="com.highlight.Facebook" tests="1" failures="0" timestamp="21 Jun 2017 05:01:00 GMT" time="15.391" errors="0">
  <testcase name="login" time="15.391" classname="com.highlight.Facebook"/>
</testsuite> <!-- com.highlight.Facebook -->
